[debug] [2023-03-15T20:47:43.037Z] ----------------------------------------------------------------------
[debug] [2023-03-15T20:47:43.038Z] Command:       C:\Program Files\nodejs\node.exe C:\Users\User\AppData\Roaming\npm\node_modules\firebase-tools\lib\bin\firebase.js deploy
[debug] [2023-03-15T20:47:43.039Z] CLI Version:   11.24.1
[debug] [2023-03-15T20:47:43.039Z] Platform:      win32
[debug] [2023-03-15T20:47:43.039Z] Node Version:  v16.15.1
[debug] [2023-03-15T20:47:43.039Z] Time:          Thu Mar 16 2023 02:47:43 GMT+0600 (Bangladesh Standard Time)
[debug] [2023-03-15T20:47:43.040Z] ----------------------------------------------------------------------
[debug] 
[debug] [2023-03-15T20:47:43.100Z] > command requires scopes: ["email","openid","https://www.googleapis.com/auth/cloudplatformprojects.readonly","https://www.googleapis.com/auth/firebase","https://www.googleapis.com/auth/cloud-platform"]
[debug] [2023-03-15T20:47:43.100Z] > authorizing via signed-in user (sajidsorker86@gmail.com)
[debug] [2023-03-15T20:47:43.101Z] [iam] checking project sajid-sorker for permissions ["firebase.projects.get","firebasehosting.sites.update"]
[debug] [2023-03-15T20:47:43.102Z] >>> [apiv2][query] POST https://cloudresourcemanager.googleapis.com/v1/projects/sajid-sorker:testIamPermissions [none]
[debug] [2023-03-15T20:47:43.103Z] >>> [apiv2][(partial)header] POST https://cloudresourcemanager.googleapis.com/v1/projects/sajid-sorker:testIamPermissions x-goog-quota-user=projects/sajid-sorker
[debug] [2023-03-15T20:47:43.103Z] >>> [apiv2][body] POST https://cloudresourcemanager.googleapis.com/v1/projects/sajid-sorker:testIamPermissions {"permissions":["firebase.projects.get","firebasehosting.sites.update"]}
[debug] [2023-03-15T20:47:45.100Z] <<< [apiv2][status] POST https://cloudresourcemanager.googleapis.com/v1/projects/sajid-sorker:testIamPermissions 200
[debug] [2023-03-15T20:47:45.100Z] <<< [apiv2][body] POST https://cloudresourcemanager.googleapis.com/v1/projects/sajid-sorker:testIamPermissions {"permissions":["firebase.projects.get","firebasehosting.sites.update"]}
[debug] [2023-03-15T20:47:45.101Z] >>> [apiv2][query] GET https://firebase.googleapis.com/v1beta1/projects/sajid-sorker [none]
[debug] [2023-03-15T20:47:45.864Z] <<< [apiv2][status] GET https://firebase.googleapis.com/v1beta1/projects/sajid-sorker 200
[debug] [2023-03-15T20:47:45.864Z] <<< [apiv2][body] GET https://firebase.googleapis.com/v1beta1/projects/sajid-sorker {"projectId":"sajid-sorker","projectNumber":"964582506060","displayName":"Sajid-Sorker","name":"projects/sajid-sorker","resources":{"hostingSite":"sajid-sorker"},"state":"ACTIVE","etag":"1_65952a4a-ecc5-42e1-9d01-25e3e93474ba"}
[debug] [2023-03-15T20:47:48.249Z] >>> [apiv2][query] GET https://firebasehosting.googleapis.com/v1beta1/projects/sajid-sorker/sites pageToken=&pageSize=10
[debug] [2023-03-15T20:47:49.556Z] <<< [apiv2][status] GET https://firebasehosting.googleapis.com/v1beta1/projects/sajid-sorker/sites 200
[debug] [2023-03-15T20:47:49.556Z] <<< [apiv2][body] GET https://firebasehosting.googleapis.com/v1beta1/projects/sajid-sorker/sites {"sites":[{"name":"projects/sajid-sorker/sites/sajid-sorker","defaultUrl":"https://sajid-sorker.web.app","appId":"1:964582506060:web:6f438d036146c74079bee9","type":"DEFAULT_SITE"}]}
[debug] [2023-03-15T20:47:49.557Z] >>> [apiv2][query] GET https://firebase.googleapis.com/v1beta1/projects/-/webApps/1:964582506060:web:6f438d036146c74079bee9/config [none]
[debug] [2023-03-15T20:47:51.205Z] <<< [apiv2][status] GET https://firebase.googleapis.com/v1beta1/projects/-/webApps/1:964582506060:web:6f438d036146c74079bee9/config 200
[debug] [2023-03-15T20:47:51.205Z] <<< [apiv2][body] GET https://firebase.googleapis.com/v1beta1/projects/-/webApps/1:964582506060:web:6f438d036146c74079bee9/config {"projectId":"sajid-sorker","appId":"1:964582506060:web:6f438d036146c74079bee9","storageBucket":"sajid-sorker.appspot.com","apiKey":"AIzaSyD-P2oLlXJhfR1ML5v3lq0WoqqxMBuEZEk","authDomain":"sajid-sorker.firebaseapp.com","messagingSenderId":"964582506060"}
